<?xml version="1.0" encoding="UTF-8"?>
<!-- Generated by org.testng.reporters.JUnitReportReporter -->
<testsuite skipped="0" hostname="BDC7-L-7171VR4" name="com.qa.tests.LoginPageTest" tests="1" failures="0" timestamp="19 Jun 2019 20:01:04 GMT" time="36.171" errors="0">
  <testcase name="LoginTest" time="36.171" classname="com.qa.tests.LoginPageTest"/>
</testsuite> <!-- com.qa.tests.LoginPageTest -->
