<?xml version="1.0" encoding="UTF-8"?>
<!-- Generated by org.testng.reporters.JUnitReportReporter -->
<testsuite skipped="0" hostname="BDC7-L-7171VR4" name="com.qa.tests.HomePageTest" tests="1" failures="0" timestamp="19 Jun 2019 20:01:04 GMT" time="38.658" errors="0">
  <testcase name="clickMyRecord" time="38.658" classname="com.qa.tests.HomePageTest"/>
</testsuite> <!-- com.qa.tests.HomePageTest -->
