<?xml version="1.0" encoding="UTF-8"?>
<!-- Generated by org.testng.reporters.JUnitReportReporter -->
<testsuite skipped="0" hostname="BDC7-L-7171VR4" name="com.qa.tests.LoginPageTest" tests="1" failures="0" timestamp="20 Jun 2019 15:45:04 GMT" time="23.347" errors="0">
  <testcase name="LoginTest" time="23.347" classname="com.qa.tests.LoginPageTest"/>
</testsuite> <!-- com.qa.tests.LoginPageTest -->
